2016-03-01T17:44:43+01:00 [database] [INFO] Attempting to connect to the 'recipes' database on localhost:3306 with credentials [username: 'root' password: ''].
2016-03-01T17:44:43+01:00 [database] [INFO] Connected successfully.
2016-03-01T17:44:43+01:00 [general] [INFO] Navigated to the home page.
2016-03-01T17:44:43+01:00 [recipeList] [INFO] Getting all recipes.
2016-03-01T17:44:43+01:00 [database] [DEBUG] Running the following query: SELECT recipe_id, recipe_name FROM recipes
2016-03-01T17:44:43+01:00 [database] [DEBUG] Query ran successfully.
2016-03-01T17:44:43+01:00 [recipeList] [INFO] Found 2 recipes.
2016-03-01T17:44:43+01:00 [recipeList] [DEBUG] Array
(
    [2] => Aberystwyth chocolate icing
    [3] => Aberystwyth chocolate cake
)

2016-03-01T17:44:43+01:00 [recipeList] [INFO] Getting all recipe collections.
2016-03-01T17:44:43+01:00 [database] [DEBUG] Running the following query: SELECT collection_id, collection_name FROM collections
2016-03-01T17:44:43+01:00 [database] [DEBUG] Query ran successfully.
2016-03-01T17:44:43+01:00 [recipeList] [INFO] Found 1 recipe collections.
2016-03-01T17:44:43+01:00 [recipeList] [DEBUG] Found recipe collections: 
2016-03-01T17:44:43+01:00 [recipeList] [DEBUG] Array
(
    [1] => Aberystwyth chocolate cake
)

2016-03-01T17:44:52+01:00 [database] [INFO] Attempting to connect to the 'recipes' database on localhost:3306 with credentials [username: 'root' password: ''].
2016-03-01T17:44:52+01:00 [database] [INFO] Connected successfully.
2016-03-01T17:44:52+01:00 [general] [INFO] Navigated to a Recipe page.
2016-03-01T17:44:52+01:00 [recipePage] [INFO] Getting the name of the current Recipe.
2016-03-01T17:44:52+01:00 [recipePage] [DEBUG] Getting the name of the recipe with ID '2'
2016-03-01T17:44:52+01:00 [database] [DEBUG] Running the following query: SELECT recipe_name FROM recipes WHERE recipe_id = 2 LIMIT 1
2016-03-01T17:44:52+01:00 [database] [DEBUG] Query ran successfully.
2016-03-01T17:44:52+01:00 [general] [INFO] Recipe name: Aberystwyth chocolate icing
2016-03-01T17:44:52+01:00 [recipePage] [INFO] Getting the ingredients of the current Recipe.
2016-03-01T17:44:52+01:00 [recipePage] [DEBUG] Getting the ingredients for the recipe with ID '2'
2016-03-01T17:44:52+01:00 [database] [DEBUG] Running the following query: SELECT ri.recipe_ingredient_amount, u.unit_name, i.recipe_ingredient FROM ingredients i INNER JOIN recipe_ingredients ri ON i.recipe_ingredient_id=ri.recipe_ingredient_id LEFT JOIN units u ON ri.unit_id=u.unit_id WHERE recipe_id = 2
2016-03-01T17:44:52+01:00 [database] [DEBUG] Query ran successfully.
2016-03-01T17:44:52+01:00 [recipePage] [INFO] Getting the method of the current Recipe.
2016-03-01T17:44:52+01:00 [recipePage] [DEBUG] Getting the method for the recipe with ID '2'
2016-03-01T17:44:52+01:00 [database] [DEBUG] Running the following query: SELECT recipe_method FROM recipes WHERE recipe_id = 2 LIMIT 1
2016-03-01T17:44:52+01:00 [database] [DEBUG] Query ran successfully.
2016-03-01T17:45:51+01:00 [database] [INFO] Attempting to connect to the 'recipes' database on localhost:3306 with credentials [username: 'root' password: ''].
2016-03-01T17:45:51+01:00 [database] [INFO] Connected successfully.
2016-03-01T17:45:51+01:00 [general] [INFO] Navigated to the home page.
2016-03-01T17:45:51+01:00 [recipeList] [INFO] Getting all recipes.
2016-03-01T17:45:51+01:00 [database] [DEBUG] Running the following query: SELECT recipe_id, recipe_name FROM recipes
2016-03-01T17:45:51+01:00 [database] [DEBUG] Query ran successfully.
2016-03-01T17:45:51+01:00 [recipeList] [INFO] Found 2 recipes.
2016-03-01T17:45:51+01:00 [recipeList] [DEBUG] Array
(
    [2] => Aberystwyth chocolate icing
    [3] => Aberystwyth chocolate cake
)

2016-03-01T17:45:51+01:00 [recipeList] [INFO] Getting all recipe collections.
2016-03-01T17:45:51+01:00 [database] [DEBUG] Running the following query: SELECT collection_id, collection_name FROM collections
2016-03-01T17:45:51+01:00 [database] [DEBUG] Query ran successfully.
2016-03-01T17:45:51+01:00 [recipeList] [INFO] Found 1 recipe collections.
2016-03-01T17:45:51+01:00 [recipeList] [DEBUG] Found recipe collections: 
2016-03-01T17:45:51+01:00 [recipeList] [DEBUG] Array
(
    [1] => Aberystwyth chocolate cake
)

2016-03-01T17:46:00+01:00 [database] [INFO] Attempting to connect to the 'recipes' database on localhost:3306 with credentials [username: 'root' password: ''].
2016-03-01T17:46:00+01:00 [database] [INFO] Connected successfully.
2016-03-01T17:46:00+01:00 [general] [INFO] Navigated to the home page.
2016-03-01T17:46:00+01:00 [recipeList] [INFO] Getting all recipes.
2016-03-01T17:46:00+01:00 [database] [DEBUG] Running the following query: SELECT recipe_id, recipe_name FROM recipes
2016-03-01T17:46:00+01:00 [database] [DEBUG] Query ran successfully.
2016-03-01T17:46:00+01:00 [recipeList] [INFO] Found 2 recipes.
2016-03-01T17:46:00+01:00 [recipeList] [DEBUG] Array
(
    [2] => Aberystwyth chocolate icing
    [3] => Aberystwyth chocolate cake
)

2016-03-01T17:46:00+01:00 [recipeList] [INFO] Getting all recipe collections.
2016-03-01T17:46:00+01:00 [database] [DEBUG] Running the following query: SELECT collection_id, collection_name FROM collections
2016-03-01T17:46:00+01:00 [database] [DEBUG] Query ran successfully.
2016-03-01T17:46:00+01:00 [recipeList] [INFO] Found 1 recipe collections.
2016-03-01T17:46:00+01:00 [recipeList] [DEBUG] Found recipe collections: 
2016-03-01T17:46:00+01:00 [recipeList] [DEBUG] Array
(
    [1] => Aberystwyth chocolate cake
)

2016-03-01T17:46:06+01:00 [database] [INFO] Attempting to connect to the 'recipes' database on localhost:3306 with credentials [username: 'root' password: ''].
2016-03-01T17:46:06+01:00 [database] [INFO] Connected successfully.
2016-03-01T17:46:06+01:00 [general] [INFO] Navigated to a Recipe page.
2016-03-01T17:46:06+01:00 [recipePage] [INFO] Getting the name of the current Recipe.
2016-03-01T17:46:06+01:00 [recipePage] [DEBUG] Getting the name of the recipe with ID '3'
2016-03-01T17:46:06+01:00 [database] [DEBUG] Running the following query: SELECT recipe_name FROM recipes WHERE recipe_id = 3 LIMIT 1
2016-03-01T17:46:06+01:00 [database] [DEBUG] Query ran successfully.
2016-03-01T17:46:06+01:00 [general] [INFO] Recipe name: Aberystwyth chocolate cake
2016-03-01T17:46:06+01:00 [recipePage] [INFO] Getting the ingredients of the current Recipe.
2016-03-01T17:46:06+01:00 [recipePage] [DEBUG] Getting the ingredients for the recipe with ID '3'
2016-03-01T17:46:06+01:00 [database] [DEBUG] Running the following query: SELECT ri.recipe_ingredient_amount, u.unit_name, i.recipe_ingredient FROM ingredients i INNER JOIN recipe_ingredients ri ON i.recipe_ingredient_id=ri.recipe_ingredient_id LEFT JOIN units u ON ri.unit_id=u.unit_id WHERE recipe_id = 3
2016-03-01T17:46:06+01:00 [database] [DEBUG] Query ran successfully.
2016-03-01T17:46:06+01:00 [recipePage] [INFO] Getting the method of the current Recipe.
2016-03-01T17:46:06+01:00 [recipePage] [DEBUG] Getting the method for the recipe with ID '3'
2016-03-01T17:46:06+01:00 [database] [DEBUG] Running the following query: SELECT recipe_method FROM recipes WHERE recipe_id = 3 LIMIT 1
2016-03-01T17:46:06+01:00 [database] [DEBUG] Query ran successfully.
2016-03-01T17:46:44+01:00 [database] [INFO] Attempting to connect to the 'recipes' database on localhost:3306 with credentials [username: 'root' password: ''].
2016-03-01T17:46:44+01:00 [database] [INFO] Connected successfully.
2016-03-01T17:46:44+01:00 [general] [INFO] Navigated to the home page.
2016-03-01T17:46:44+01:00 [recipeList] [INFO] Getting all recipes.
2016-03-01T17:46:44+01:00 [database] [DEBUG] Running the following query: SELECT recipe_id, recipe_name FROM recipes
2016-03-01T17:46:44+01:00 [database] [DEBUG] Query ran successfully.
2016-03-01T17:46:44+01:00 [recipeList] [INFO] Found 2 recipes.
2016-03-01T17:46:44+01:00 [recipeList] [DEBUG] Array
(
    [2] => Aberystwyth chocolate icing
    [3] => Aberystwyth chocolate cake
)

2016-03-01T17:46:44+01:00 [recipeList] [INFO] Getting all recipe collections.
2016-03-01T17:46:44+01:00 [database] [DEBUG] Running the following query: SELECT collection_id, collection_name FROM collections
2016-03-01T17:46:44+01:00 [database] [DEBUG] Query ran successfully.
2016-03-01T17:46:44+01:00 [recipeList] [INFO] Found 1 recipe collections.
2016-03-01T17:46:44+01:00 [recipeList] [DEBUG] Found recipe collections: 
2016-03-01T17:46:44+01:00 [recipeList] [DEBUG] Array
(
    [1] => Aberystwyth chocolate cake
)

2016-03-01T17:46:45+01:00 [database] [INFO] Attempting to connect to the 'recipes' database on localhost:3306 with credentials [username: 'root' password: ''].
2016-03-01T17:46:45+01:00 [database] [INFO] Connected successfully.
2016-03-01T17:46:45+01:00 [recipeCollectionPage] [INFO] Getting the name of the current recipe collection.
2016-03-01T17:46:45+01:00 [recipeCollectionPage] [DEBUG] Getting the name of the recipe collection with ID '1'
2016-03-01T17:46:45+01:00 [database] [DEBUG] Running the following query: SELECT collection_name FROM collections WHERE collection_id = 1
2016-03-01T17:46:45+01:00 [database] [DEBUG] Query ran successfully.
2016-03-01T17:46:45+01:00 [general] [INFO] Navigated to the Recipe Collection page for 'Aberystwyth chocolate cake'
2016-03-01T17:46:45+01:00 [recipeCollectionPage] [INFO] Getting the IDs of the recipes that belong to the current recipe collection.
2016-03-01T17:46:45+01:00 [recipeCollectionPage] [DEBUG] Getting the IDs of the recipes included in the collection with ID '1'
2016-03-01T17:46:45+01:00 [database] [DEBUG] Running the following query: SELECT r.recipe_id FROM recipes r INNER JOIN recipe_collections rc ON rc.recipe_id = r.recipe_id INNER JOIN collections c ON c.collection_id = rc.collection_id WHERE c.collection_id =1
2016-03-01T17:46:45+01:00 [database] [DEBUG] Query ran successfully.
2016-03-01T17:46:45+01:00 [recipeCollectionPage] [INFO] Getting the details of the recipes that belong to the current recipe collection.
2016-03-01T17:46:45+01:00 [recipeCollectionPage] [INFO] Getting the IDs of the recipes that belong to the current recipe collection.
2016-03-01T17:46:45+01:00 [recipeCollectionPage] [DEBUG] Getting the IDs of the recipes included in the collection with ID '1'
2016-03-01T17:46:45+01:00 [database] [DEBUG] Running the following query: SELECT r.recipe_id FROM recipes r INNER JOIN recipe_collections rc ON rc.recipe_id = r.recipe_id INNER JOIN collections c ON c.collection_id = rc.collection_id WHERE c.collection_id =1
2016-03-01T17:46:45+01:00 [database] [DEBUG] Query ran successfully.
2016-03-01T17:46:45+01:00 [recipeCollectionPage] [DEBUG] Getting the names, methods and ingedients of the recipes with IDs:
2016-03-01T17:46:45+01:00 [recipeCollectionPage] [DEBUG] Array
(
    [0] => 2
    [1] => 3
)

2016-03-01T17:46:45+01:00 [recipePage] [DEBUG] Getting the name of the recipe with ID '2'
2016-03-01T17:46:45+01:00 [database] [DEBUG] Running the following query: SELECT recipe_name FROM recipes WHERE recipe_id = 2 LIMIT 1
2016-03-01T17:46:45+01:00 [database] [DEBUG] Query ran successfully.
2016-03-01T17:46:45+01:00 [recipePage] [DEBUG] Getting the method for the recipe with ID '2'
2016-03-01T17:46:45+01:00 [database] [DEBUG] Running the following query: SELECT recipe_method FROM recipes WHERE recipe_id = 2 LIMIT 1
2016-03-01T17:46:45+01:00 [database] [DEBUG] Query ran successfully.
2016-03-01T17:46:45+01:00 [recipePage] [DEBUG] Getting the ingredients for the recipe with ID '2'
2016-03-01T17:46:45+01:00 [database] [DEBUG] Running the following query: SELECT ri.recipe_ingredient_amount, u.unit_name, i.recipe_ingredient FROM ingredients i INNER JOIN recipe_ingredients ri ON i.recipe_ingredient_id=ri.recipe_ingredient_id LEFT JOIN units u ON ri.unit_id=u.unit_id WHERE recipe_id = 2
2016-03-01T17:46:45+01:00 [database] [DEBUG] Query ran successfully.
2016-03-01T17:46:45+01:00 [recipePage] [DEBUG] Getting the name of the recipe with ID '3'
2016-03-01T17:46:45+01:00 [database] [DEBUG] Running the following query: SELECT recipe_name FROM recipes WHERE recipe_id = 3 LIMIT 1
2016-03-01T17:46:45+01:00 [database] [DEBUG] Query ran successfully.
2016-03-01T17:46:45+01:00 [recipePage] [DEBUG] Getting the method for the recipe with ID '3'
2016-03-01T17:46:45+01:00 [database] [DEBUG] Running the following query: SELECT recipe_method FROM recipes WHERE recipe_id = 3 LIMIT 1
2016-03-01T17:46:45+01:00 [database] [DEBUG] Query ran successfully.
2016-03-01T17:46:45+01:00 [recipePage] [DEBUG] Getting the ingredients for the recipe with ID '3'
2016-03-01T17:46:45+01:00 [database] [DEBUG] Running the following query: SELECT ri.recipe_ingredient_amount, u.unit_name, i.recipe_ingredient FROM ingredients i INNER JOIN recipe_ingredients ri ON i.recipe_ingredient_id=ri.recipe_ingredient_id LEFT JOIN units u ON ri.unit_id=u.unit_id WHERE recipe_id = 3
2016-03-01T17:46:45+01:00 [database] [DEBUG] Query ran successfully.
2016-03-01T17:48:01+01:00 [database] [INFO] Attempting to connect to the 'recipes' database on localhost:3306 with credentials [username: 'root' password: ''].
2016-03-01T17:48:01+01:00 [database] [INFO] Connected successfully.
2016-03-01T17:48:01+01:00 [general] [INFO] Navigated to the home page.
2016-03-01T17:48:01+01:00 [recipeList] [INFO] Getting all recipes.
2016-03-01T17:48:01+01:00 [database] [DEBUG] Running the following query: SELECT recipe_id, recipe_name FROM recipes
2016-03-01T17:48:01+01:00 [database] [DEBUG] Query ran successfully.
2016-03-01T17:48:01+01:00 [recipeList] [INFO] Found 2 recipes.
2016-03-01T17:48:01+01:00 [recipeList] [DEBUG] Array
(
    [2] => Aberystwyth chocolate icing
    [3] => Aberystwyth chocolate cake
)

2016-03-01T17:48:01+01:00 [recipeList] [INFO] Getting all recipe collections.
2016-03-01T17:48:01+01:00 [database] [DEBUG] Running the following query: SELECT collection_id, collection_name FROM collections
2016-03-01T17:48:01+01:00 [database] [DEBUG] Query ran successfully.
2016-03-01T17:48:01+01:00 [recipeList] [INFO] Found 1 recipe collections.
2016-03-01T17:48:01+01:00 [recipeList] [DEBUG] Found recipe collections: 
2016-03-01T17:48:01+01:00 [recipeList] [DEBUG] Array
(
    [1] => Aberystwyth chocolate cake
)

2016-03-01T17:48:03+01:00 [database] [INFO] Attempting to connect to the 'recipes' database on localhost:3306 with credentials [username: 'root' password: ''].
2016-03-01T17:48:03+01:00 [database] [INFO] Connected successfully.
2016-03-01T17:48:03+01:00 [recipeCollectionPage] [INFO] Getting the name of the current recipe collection.
2016-03-01T17:48:03+01:00 [recipeCollectionPage] [DEBUG] Getting the name of the recipe collection with ID '1'
2016-03-01T17:48:03+01:00 [database] [DEBUG] Running the following query: SELECT collection_name FROM collections WHERE collection_id = 1
2016-03-01T17:48:03+01:00 [database] [DEBUG] Query ran successfully.
2016-03-01T17:48:03+01:00 [general] [INFO] Navigated to the Recipe Collection page for 'Aberystwyth chocolate cake'
2016-03-01T17:48:03+01:00 [recipeCollectionPage] [INFO] Getting the details of the recipes that belong to the current recipe collection.
2016-03-01T17:48:03+01:00 [recipeCollectionPage] [INFO] Getting the IDs of the recipes that belong to the current recipe collection.
2016-03-01T17:48:03+01:00 [recipeCollectionPage] [DEBUG] Getting the IDs of the recipes included in the collection with ID '1'
2016-03-01T17:48:03+01:00 [database] [DEBUG] Running the following query: SELECT r.recipe_id FROM recipes r INNER JOIN recipe_collections rc ON rc.recipe_id = r.recipe_id INNER JOIN collections c ON c.collection_id = rc.collection_id WHERE c.collection_id =1
2016-03-01T17:48:03+01:00 [database] [DEBUG] Query ran successfully.
2016-03-01T17:48:03+01:00 [recipeCollectionPage] [DEBUG] Getting the names, methods and ingedients of the recipes with IDs:
2016-03-01T17:48:03+01:00 [recipeCollectionPage] [DEBUG] Array
(
    [0] => 2
    [1] => 3
)

2016-03-01T17:48:03+01:00 [recipePage] [DEBUG] Getting the name of the recipe with ID '2'
2016-03-01T17:48:03+01:00 [database] [DEBUG] Running the following query: SELECT recipe_name FROM recipes WHERE recipe_id = 2 LIMIT 1
2016-03-01T17:48:03+01:00 [database] [DEBUG] Query ran successfully.
2016-03-01T17:48:03+01:00 [recipePage] [DEBUG] Getting the method for the recipe with ID '2'
2016-03-01T17:48:03+01:00 [database] [DEBUG] Running the following query: SELECT recipe_method FROM recipes WHERE recipe_id = 2 LIMIT 1
2016-03-01T17:48:03+01:00 [database] [DEBUG] Query ran successfully.
2016-03-01T17:48:03+01:00 [recipePage] [DEBUG] Getting the ingredients for the recipe with ID '2'
2016-03-01T17:48:03+01:00 [database] [DEBUG] Running the following query: SELECT ri.recipe_ingredient_amount, u.unit_name, i.recipe_ingredient FROM ingredients i INNER JOIN recipe_ingredients ri ON i.recipe_ingredient_id=ri.recipe_ingredient_id LEFT JOIN units u ON ri.unit_id=u.unit_id WHERE recipe_id = 2
2016-03-01T17:48:03+01:00 [database] [DEBUG] Query ran successfully.
2016-03-01T17:48:03+01:00 [recipePage] [DEBUG] Getting the name of the recipe with ID '3'
2016-03-01T17:48:03+01:00 [database] [DEBUG] Running the following query: SELECT recipe_name FROM recipes WHERE recipe_id = 3 LIMIT 1
2016-03-01T17:48:03+01:00 [database] [DEBUG] Query ran successfully.
2016-03-01T17:48:03+01:00 [recipePage] [DEBUG] Getting the method for the recipe with ID '3'
2016-03-01T17:48:03+01:00 [database] [DEBUG] Running the following query: SELECT recipe_method FROM recipes WHERE recipe_id = 3 LIMIT 1
2016-03-01T17:48:03+01:00 [database] [DEBUG] Query ran successfully.
2016-03-01T17:48:03+01:00 [recipePage] [DEBUG] Getting the ingredients for the recipe with ID '3'
2016-03-01T17:48:03+01:00 [database] [DEBUG] Running the following query: SELECT ri.recipe_ingredient_amount, u.unit_name, i.recipe_ingredient FROM ingredients i INNER JOIN recipe_ingredients ri ON i.recipe_ingredient_id=ri.recipe_ingredient_id LEFT JOIN units u ON ri.unit_id=u.unit_id WHERE recipe_id = 3
2016-03-01T17:48:03+01:00 [database] [DEBUG] Query ran successfully.
2016-03-01T17:48:45+01:00 [database] [INFO] Attempting to connect to the 'recipes' database on localhost:3306 with credentials [username: 'root' password: ''].
2016-03-01T17:48:45+01:00 [database] [INFO] Connected successfully.
2016-03-01T17:48:45+01:00 [general] [INFO] Navigated to the home page.
2016-03-01T17:48:45+01:00 [recipeList] [INFO] Getting all recipes.
2016-03-01T17:48:45+01:00 [database] [DEBUG] Running the following query: SELECT recipe_id, recipe_name FROM recipes
2016-03-01T17:48:45+01:00 [database] [DEBUG] Query ran successfully.
2016-03-01T17:48:45+01:00 [recipeList] [INFO] Found 2 recipes.
2016-03-01T17:48:45+01:00 [recipeList] [DEBUG] Array
(
    [2] => Aberystwyth chocolate icing
    [3] => Aberystwyth chocolate cake
)

2016-03-01T17:48:45+01:00 [recipeList] [INFO] Getting all recipe collections.
2016-03-01T17:48:45+01:00 [database] [DEBUG] Running the following query: SELECT collection_id, collection_name FROM collections
2016-03-01T17:48:45+01:00 [database] [DEBUG] Query ran successfully.
2016-03-01T17:48:45+01:00 [recipeList] [INFO] Found 1 recipe collections.
2016-03-01T17:48:45+01:00 [recipeList] [DEBUG] Found recipe collections: 
2016-03-01T17:48:45+01:00 [recipeList] [DEBUG] Array
(
    [1] => Aberystwyth chocolate cake
)

2016-03-01T17:48:47+01:00 [database] [INFO] Attempting to connect to the 'recipes' database on localhost:3306 with credentials [username: 'root' password: ''].
2016-03-01T17:48:47+01:00 [database] [INFO] Connected successfully.
2016-03-01T17:48:47+01:00 [recipeCollectionPage] [INFO] Getting the name of the current recipe collection.
2016-03-01T17:48:47+01:00 [recipeCollectionPage] [DEBUG] Getting the name of the recipe collection with ID '1'
2016-03-01T17:48:47+01:00 [database] [DEBUG] Running the following query: SELECT collection_name FROM collections WHERE collection_id = 1
2016-03-01T17:48:47+01:00 [database] [DEBUG] Query ran successfully.
2016-03-01T17:48:47+01:00 [general] [INFO] Navigated to the Recipe Collection page for 'Aberystwyth chocolate cake'
2016-03-01T17:48:47+01:00 [recipeCollectionPage] [INFO] Getting the details of the recipes that belong to the current recipe collection.
2016-03-01T17:48:47+01:00 [recipeCollectionPage] [INFO] Getting the IDs of the recipes that belong to the current recipe collection.
2016-03-01T17:48:47+01:00 [recipeCollectionPage] [DEBUG] Getting the IDs of the recipes included in the collection with ID '1'
2016-03-01T17:48:47+01:00 [database] [DEBUG] Running the following query: SELECT r.recipe_id FROM recipes r INNER JOIN recipe_collections rc ON rc.recipe_id = r.recipe_id INNER JOIN collections c ON c.collection_id = rc.collection_id WHERE c.collection_id =1
2016-03-01T17:48:47+01:00 [database] [DEBUG] Query ran successfully.
2016-03-01T17:48:47+01:00 [recipeCollectionPage] [DEBUG] Getting the names, methods and ingedients of the recipes with IDs:
2016-03-01T17:48:47+01:00 [recipeCollectionPage] [DEBUG] Array
(
    [0] => 2
    [1] => 3
)

2016-03-01T17:48:47+01:00 [recipePage] [DEBUG] Getting the name of the recipe with ID '2'
2016-03-01T17:48:47+01:00 [database] [DEBUG] Running the following query: SELECT recipe_name FROM recipes WHERE recipe_id = 2 LIMIT 1
2016-03-01T17:48:47+01:00 [database] [DEBUG] Query ran successfully.
2016-03-01T17:48:47+01:00 [recipePage] [DEBUG] Getting the method for the recipe with ID '2'
2016-03-01T17:48:47+01:00 [database] [DEBUG] Running the following query: SELECT recipe_method FROM recipes WHERE recipe_id = 2 LIMIT 1
2016-03-01T17:48:47+01:00 [database] [DEBUG] Query ran successfully.
2016-03-01T17:48:47+01:00 [recipePage] [DEBUG] Getting the ingredients for the recipe with ID '2'
2016-03-01T17:48:47+01:00 [database] [DEBUG] Running the following query: SELECT ri.recipe_ingredient_amount, u.unit_name, i.recipe_ingredient FROM ingredients i INNER JOIN recipe_ingredients ri ON i.recipe_ingredient_id=ri.recipe_ingredient_id LEFT JOIN units u ON ri.unit_id=u.unit_id WHERE recipe_id = 2
2016-03-01T17:48:47+01:00 [database] [DEBUG] Query ran successfully.
2016-03-01T17:48:47+01:00 [recipePage] [DEBUG] Getting the name of the recipe with ID '3'
2016-03-01T17:48:47+01:00 [database] [DEBUG] Running the following query: SELECT recipe_name FROM recipes WHERE recipe_id = 3 LIMIT 1
2016-03-01T17:48:47+01:00 [database] [DEBUG] Query ran successfully.
2016-03-01T17:48:47+01:00 [recipePage] [DEBUG] Getting the method for the recipe with ID '3'
2016-03-01T17:48:47+01:00 [database] [DEBUG] Running the following query: SELECT recipe_method FROM recipes WHERE recipe_id = 3 LIMIT 1
2016-03-01T17:48:47+01:00 [database] [DEBUG] Query ran successfully.
2016-03-01T17:48:47+01:00 [recipePage] [DEBUG] Getting the ingredients for the recipe with ID '3'
2016-03-01T17:48:47+01:00 [database] [DEBUG] Running the following query: SELECT ri.recipe_ingredient_amount, u.unit_name, i.recipe_ingredient FROM ingredients i INNER JOIN recipe_ingredients ri ON i.recipe_ingredient_id=ri.recipe_ingredient_id LEFT JOIN units u ON ri.unit_id=u.unit_id WHERE recipe_id = 3
2016-03-01T17:48:47+01:00 [database] [DEBUG] Query ran successfully.
2016-03-01T17:50:50+01:00 [database] [INFO] Attempting to connect to the 'recipes' database on localhost:3306 with credentials [username: 'root' password: ''].
2016-03-01T17:50:50+01:00 [database] [INFO] Connected successfully.
2016-03-01T17:50:50+01:00 [general] [INFO] Navigated to the home page.
2016-03-01T17:50:50+01:00 [recipeList] [INFO] Getting all recipes.
2016-03-01T17:50:50+01:00 [database] [DEBUG] Running the following query: SELECT recipe_id, recipe_name FROM recipes
2016-03-01T17:50:50+01:00 [database] [DEBUG] Query ran successfully.
2016-03-01T17:50:50+01:00 [recipeList] [INFO] Found 2 recipes.
2016-03-01T17:50:50+01:00 [recipeList] [DEBUG] Array
(
    [2] => Aberystwyth chocolate icing
    [3] => Aberystwyth chocolate cake
)

2016-03-01T17:50:50+01:00 [recipeList] [INFO] Getting all recipe collections.
2016-03-01T17:50:50+01:00 [database] [DEBUG] Running the following query: SELECT collection_id, collection_name FROM collections
2016-03-01T17:50:50+01:00 [database] [DEBUG] Query ran successfully.
2016-03-01T17:50:50+01:00 [recipeList] [INFO] Found 1 recipe collections.
2016-03-01T17:50:50+01:00 [recipeList] [DEBUG] Found recipe collections: 
2016-03-01T17:50:50+01:00 [recipeList] [DEBUG] Array
(
    [1] => Aberystwyth chocolate cake
)

2016-03-01T17:50:52+01:00 [database] [INFO] Attempting to connect to the 'recipes' database on localhost:3306 with credentials [username: 'root' password: ''].
2016-03-01T17:50:52+01:00 [database] [INFO] Connected successfully.
2016-03-01T17:50:52+01:00 [general] [INFO] Navigated to the Search Results page.
2016-03-01T17:50:52+01:00 [searchResults] [INFO] Searched for 'a'
2016-03-01T17:50:52+01:00 [database] [DEBUG] Running the following query: SELECT recipe_id, recipe_name FROM recipes WHERE recipe_name LIKE '%a%'
2016-03-01T17:50:52+01:00 [database] [DEBUG] Query ran successfully.
2016-03-01T17:50:52+01:00 [recipeList] [INFO] Found 2 recipes.
2016-03-01T17:50:52+01:00 [recipeList] [DEBUG] Array
(
    [2] => Aberystwyth chocolate icing
    [3] => Aberystwyth chocolate cake
)

2016-03-01T17:50:52+01:00 [database] [DEBUG] Running the following query: SELECT collection_id, collection_name FROM collections WHERE collection_name LIKE '%a%'
2016-03-01T17:50:52+01:00 [database] [DEBUG] Query ran successfully.
2016-03-01T17:50:52+01:00 [recipeList] [INFO] Found 1 recipe collections.
2016-03-01T17:50:52+01:00 [recipeList] [DEBUG] Found recipe collections: 
2016-03-01T17:50:52+01:00 [recipeList] [DEBUG] Array
(
    [1] => Aberystwyth chocolate cake
)

2016-03-01T17:52:14+01:00 [database] [INFO] Attempting to connect to the 'recipes' database on localhost:3306 with credentials [username: 'root' password: ''].
2016-03-01T17:52:14+01:00 [database] [INFO] Connected successfully.
2016-03-01T17:52:14+01:00 [general] [INFO] Navigated to the home page.
2016-03-01T17:52:14+01:00 [recipeList] [INFO] Getting all recipes.
2016-03-01T17:52:14+01:00 [database] [DEBUG] Running the following query: SELECT recipe_id, recipe_name FROM recipes
2016-03-01T17:52:14+01:00 [database] [DEBUG] Query ran successfully.
2016-03-01T17:52:14+01:00 [recipeList] [INFO] Found 2 recipes.
2016-03-01T17:52:14+01:00 [recipeList] [DEBUG] Array
(
    [2] => Aberystwyth chocolate icing
    [3] => Aberystwyth chocolate cake
)

2016-03-01T17:52:14+01:00 [recipeList] [INFO] Getting all recipe collections.
2016-03-01T17:52:14+01:00 [database] [DEBUG] Running the following query: SELECT collection_id, collection_name FROM collections
2016-03-01T17:52:14+01:00 [database] [DEBUG] Query ran successfully.
2016-03-01T17:52:14+01:00 [recipeList] [INFO] Found 1 recipe collections.
2016-03-01T17:52:14+01:00 [recipeList] [DEBUG] Found recipe collections: 
2016-03-01T17:52:14+01:00 [recipeList] [DEBUG] Array
(
    [1] => Aberystwyth chocolate cake
)

2016-03-01T17:52:16+01:00 [database] [INFO] Attempting to connect to the 'recipes' database on localhost:3306 with credentials [username: 'root' password: ''].
2016-03-01T17:52:16+01:00 [database] [INFO] Connected successfully.
2016-03-01T17:52:16+01:00 [general] [INFO] Navigated to the Search Results page.
2016-03-01T17:52:16+01:00 [searchResults] [INFO] Searched for 'cake'
2016-03-01T17:52:16+01:00 [searchResults] [INFO] Getting recipes which match the search criteria.
2016-03-01T17:52:16+01:00 [database] [DEBUG] Running the following query: SELECT recipe_id, recipe_name FROM recipes WHERE recipe_name LIKE '%cake%'
2016-03-01T17:52:16+01:00 [database] [DEBUG] Query ran successfully.
2016-03-01T17:52:16+01:00 [recipeList] [INFO] Found 1 recipes.
2016-03-01T17:52:16+01:00 [recipeList] [DEBUG] Array
(
    [3] => Aberystwyth chocolate cake
)

2016-03-01T17:52:16+01:00 [searchResults] [INFO] Getting recipe collections which match the search criteria.
2016-03-01T17:52:16+01:00 [database] [DEBUG] Running the following query: SELECT collection_id, collection_name FROM collections WHERE collection_name LIKE '%cake%'
2016-03-01T17:52:16+01:00 [database] [DEBUG] Query ran successfully.
2016-03-01T17:52:16+01:00 [recipeList] [INFO] Found 1 recipe collections.
2016-03-01T17:52:16+01:00 [recipeList] [DEBUG] Found recipe collections: 
2016-03-01T17:52:16+01:00 [recipeList] [DEBUG] Array
(
    [1] => Aberystwyth chocolate cake
)

2016-03-01T17:58:23+01:00 [database] [INFO] Attempting to connect to the 'recipes' database on localhost:3306 with credentials [username: 'root' password: ''].
2016-03-01T17:58:23+01:00 [database] [INFO] Connected successfully.
2016-03-01T17:58:23+01:00 [general] [INFO] Navigated to the home page.
2016-03-01T17:58:23+01:00 [recipeList] [INFO] Getting all recipes.
2016-03-01T17:58:23+01:00 [database] [DEBUG] Running the following query: SELECT recipe_id, recipe_name FROM recipes
2016-03-01T17:58:23+01:00 [database] [DEBUG] Query ran successfully.
2016-03-01T17:58:23+01:00 [recipeList] [INFO] Found 2 recipes.
2016-03-01T17:58:23+01:00 [recipeList] [DEBUG] Array
(
    [2] => Aberystwyth chocolate icing
    [3] => Aberystwyth chocolate cake
)

2016-03-01T17:58:23+01:00 [recipeList] [INFO] Getting all recipe collections.
2016-03-01T17:58:23+01:00 [database] [DEBUG] Running the following query: SELECT collection_id, collection_name FROM collections
2016-03-01T17:58:23+01:00 [database] [DEBUG] Query ran successfully.
2016-03-01T17:58:23+01:00 [recipeList] [INFO] Found 1 recipe collections.
2016-03-01T17:58:23+01:00 [recipeList] [DEBUG] Found recipe collections: 
2016-03-01T17:58:23+01:00 [recipeList] [DEBUG] Array
(
    [1] => Aberystwyth chocolate cake
)

2016-03-01T17:58:24+01:00 [database] [INFO] Attempting to connect to the 'recipes' database on localhost:3306 with credentials [username: 'root' password: ''].
2016-03-01T17:58:24+01:00 [database] [INFO] Connected successfully.
2016-03-01T17:58:24+01:00 [general] [INFO] Navigated to the New Recipe page.
2016-03-01T17:58:24+01:00 [newRecipe] [INFO] Getting the list of all available ingredients.
2016-03-01T17:58:24+01:00 [database] [DEBUG] Running the following query: SELECT recipe_ingredient FROM ingredients
2016-03-01T17:58:24+01:00 [database] [DEBUG] Query ran successfully.
2016-03-01T17:58:24+01:00 [newRecipe] [INFO] Getting the list of all available units.
2016-03-01T17:58:24+01:00 [database] [DEBUG] Running the following query: SELECT unit_name FROM units
2016-03-01T17:58:24+01:00 [database] [DEBUG] Query ran successfully.
